0.000 [ Info   ][Logger] No ORO_LOGLEVEL environment variable set.
0.000 [ Info   ][Logger]  OROCOS version '2.5.0' compiled with GCC 4.6.1. Running in GNU/Linux.
0.000 [ Info   ][Logger] Orocos Logging Activated at level : [ Warning] ( 4 ) 
0.000 [ Info   ][Logger] Reference System Time is : 1326476795718819478 ticks ( 1.32648e+09 seconds ).
0.000 [ Info   ][Logger] Logging is relative to this time.
0.000 [ Info   ][TypekitRepository::Import] Loading Typekit rtt-types.
0.001 [ Info   ][TypekitRepository::Import] Loading Transport CORBA://rtt-types.
0.001 [ Info   ][TypekitRepository::Import] Registered new 'CORBA' transport for ConnPolicy
0.001 [ Info   ][TypekitRepository::Import] Registered new 'CORBA' transport for TaskContext
0.001 [ Info   ][TypekitRepository::Import] Registered new 'CORBA' transport for array
0.001 [ Info   ][TypekitRepository::Import] Registered new 'CORBA' transport for bool
0.001 [ Info   ][TypekitRepository::Import] Registered new 'CORBA' transport for char
0.001 [ Info   ][TypekitRepository::Import] Registered new 'CORBA' transport for double
0.001 [ Info   ][TypekitRepository::Import] Registered new 'CORBA' transport for float
0.001 [ Info   ][TypekitRepository::Import] Registered new 'CORBA' transport for int
0.001 [ Info   ][TypekitRepository::Import] Registered new 'CORBA' transport for string
0.001 [ Info   ][TypekitRepository::Import] Registered new 'CORBA' transport for uint
0.001 [ Info   ][TypekitRepository::Import] Registered new 'CORBA' transport for void
0.001 [ Info   ][TypekitRepository::Import] Loading Transport mqueue://rtt-types.
0.001 [ Info   ][TypekitRepository::Import] Registered new 'mqueue' transport for array
0.001 [ Info   ][TypekitRepository::Import] Registered new 'mqueue' transport for bool
0.001 [ Info   ][TypekitRepository::Import] Registered new 'mqueue' transport for char
0.001 [ Info   ][TypekitRepository::Import] Registered new 'mqueue' transport for double
0.001 [ Info   ][TypekitRepository::Import] Registered new 'mqueue' transport for float
0.001 [ Info   ][TypekitRepository::Import] Registered new 'mqueue' transport for int
0.001 [ Info   ][TypekitRepository::Import] Registered new 'mqueue' transport for uint
